<?xml version="1.0" encoding="utf-8"?><testsuites name="pytest tests"><testsuite name="pytest" errors="0" failures="0" skipped="0" tests="201" time="6.699" timestamp="2026-01-29T08:14:45.897735+01:00" hostname="suchohrad.lan.holes.sk"><testcase classname="tests.contracts.test_contracts_v1" name="test_report_schema_v1_import" time="0.199" /><testcase classname="tests.contracts.test_contracts_v1" name="test_cli_commands_v1_present" time="0.312" /><testcase classname="tests.parity.test_config_precedence_env_cli" name="test_config_env_influences_resolved_config" time="0.186" /><testcase classname="tests.parity.test_covers_end_to_end_am2" name="test_covers_cache_key_idempotent" time="0.001" /><testcase classname="tests.parity.test_exit_codes_and_errors" name="test_import_missing_input_exit_2" time="0.185" /><testcase classname="tests.parity.test_exit_codes_and_errors" name="test_preflight_fail_on_never_exit_0" time="0.186" /><testcase classname="tests.parity.test_golden_drop_import_and_covers" name="test_golden_import_drop_mvp1" time="0.185" /><testcase classname="tests.parity.test_golden_drop_import_and_covers" name="test_golden_covers_cache_roundtrip" time="0.001" /><testcase classname="tests.parity.test_golden_import_mvp0" name="test_golden_import_single_file" time="0.188" /><testcase classname="tests.parity.test_golden_run_pipeline" name="test_golden_run_minimal" time="0.196" /><testcase classname="tests.parity.test_golden_verify_checks" name="test_golden_verify_with_orphan_file" time="0.183" /><testcase classname="tests.parity.test_golden_verify_preflight" name="test_golden_verify_empty_library" time="0.186" /><testcase classname="tests.parity.test_golden_verify_preflight" name="test_golden_preflight_missing_library" time="0.188" /><testcase classname="tests.test_archives_ignore_guess" name="test_is_archive_common" time="0.000" /><testcase classname="tests.test_archives_ignore_guess" name="test_should_ignore_defaults" time="0.001" /><testcase classname="tests.test_archives_ignore_guess" name="test_guess_from_filename_author_title" time="0.000" /><testcase classname="tests.test_archives_ignore_guess" name="test_guess_from_filename_no_author" time="0.000" /><testcase classname="tests.test_audit_cli_protocol" name="test_audit_cli_protocol_selftests_json" time="1.333" /><testcase classname="tests.test_audit_evaluator" name="test_evaluator_all_pass" time="0.027" /><testcase classname="tests.test_audit_evaluator" name="test_evaluator_unknown_fails" time="0.021" /><testcase classname="tests.test_audit_evaluator" name="test_evaluator_cfg_debt_fails" time="0.024" /><testcase classname="tests.test_audit_rubric_sanity" name="test_rubric_required_commands_no_placeholders" time="0.450" /><testcase classname="tests.test_audit_rubric_sanity" name="test_registry_domains_have_required_runtime_evidence" time="0.630" /><testcase classname="tests.test_audit_summarizer" name="test_summarizer_delta_improvements_and_regressions" time="0.013" /><testcase classname="tests.test_audit_summarizer" name="test_summarizer_single_file_no_previous" time="0.008" /><testcase classname="tests.test_audit_summarizer" name="test_summarizer_ignores_non_schema_docs" time="0.009" /><testcase classname="tests.test_audit_summarizer" name="test_summarizer_cli_prints_ok" time="0.010" /><testcase classname="tests.test_cache_gc_cmd" name="test_gc_cache_deletes_old_files" time="0.001" /><testcase classname="tests.test_cache_gc_cmd" name="test_cache_gc_cli_dry_run_json_lists_files" time="0.014" /><testcase classname="tests.test_cache_gc_cmd" name="test_cache_gc_cli_deletes_old_files" time="0.016" /><testcase classname="tests.test_cli_pipeline_dry_run" name="test_cli_pipeline_dry_run" time="0.193" /><testcase classname="tests.test_config_precedence" name="test_precedence_cli_over_env_over_user_over_system_over_defaults" time="0.002" /><testcase classname="tests.test_config_precedence" name="test_invalid_yaml_mapping_raises" time="0.001" /><testcase classname="tests.test_consolidation_smoke" name="test_cli_help_contains_expected_commands" time="0.093" /><testcase classname="tests.test_consolidation_smoke" name="test_pipeline_registry_contains_expected_steps" time="0.000" /><testcase classname="tests.test_consolidation_v2_smoke" name="test_cli_help_contains_expected_commands" time="0.016" /><testcase classname="tests.test_consolidation_v2_smoke" name="test_pipeline_registry_contains_expected_steps" time="0.000" /><testcase classname="tests.test_consolidation_v3_executor_steps" name="test_executor_registry_has_covers_steps" time="0.000" /><testcase classname="tests.test_consolidation_v4_executor_meta_build" name="test_executor_registry_has_meta_build" time="0.000" /><testcase classname="tests.test_context_yaml" name="test_processing_context_yaml_is_valid" time="0.007" /><testcase classname="tests.test_covers_cache_key" name="test_cache_key_deterministic" time="0.001" /><testcase classname="tests.test_covers_cache_ops" name="test_put_and_get_cover" time="0.002" /><testcase classname="tests.test_covers_pipeline_yaml" name="test_covers_pipeline_structure" time="0.002" /><testcase classname="tests.test_covers_units" name="test_pick_best_deterministic" time="0.000" /><testcase classname="tests.test_covers_units" name="test_store_in_cache_writes_file" time="0.001" /><testcase classname="tests.test_covers_units" name="test_covers_cache_dir_under_output_dir" time="0.001" /><testcase classname="tests.test_covers_units" name="test_gc_cache_removes_old" time="0.001" /><testcase classname="tests.test_daemon_short_run" name="test_daemon_once_exits_after_one_cycle" time="0.001" /><testcase classname="tests.test_daemon_watcher" name="test_iter_new_entries_is_deterministic" time="0.001" /><testcase classname="tests.test_fs_paths" name="test_defaults_are_user_space_and_deterministic" time="0.002" /><testcase classname="tests.test_fs_paths" name="test_precedence_cli_over_env_over_user_over_system_over_defaults_for_paths" time="0.002" /><testcase classname="tests.test_fs_validate_input" name="test_validate_input_missing" time="0.001" /><testcase classname="tests.test_fs_validate_input" name="test_validate_input_file_ok" time="0.001" /><testcase classname="tests.test_fs_validate_input" name="test_validate_input_dir_not_allowed" time="0.001" /><testcase classname="tests.test_import_pipelines_yaml" name="test_import_file_pipeline_structure" time="0.004" /><testcase classname="tests.test_import_pipelines_yaml" name="test_import_drop_pipeline_structure" time="0.004" /><testcase classname="tests.test_inbox_cleanup" name="test_clean_inbox_moves_with_suffix" time="0.001" /><testcase classname="tests.test_manifest_module" name="test_source_fingerprint_file_stable" time="0.001" /><testcase classname="tests.test_manifest_module" name="test_update_manifest_atomic_and_deep_merge" time="0.001" /><testcase classname="tests.test_manifest_module" name="test_manifest_cli_fingerprint_json" time="0.012" /><testcase classname="tests.test_manifest_module" name="test_manifest_cli_update_creates_manifest" time="0.011" /><testcase classname="tests.test_metadata_lookup" name="test_merge_candidates_deterministic_and_provenance" time="0.000" /><testcase classname="tests.test_metadata_lookup" name="test_lookup_with_fallback_calls_second_provider" time="0.000" /><testcase classname="tests.test_metadata_lookup_contract" name="test_merge_deterministic_and_tracks_provenance" time="0.000" /><testcase classname="tests.test_metadata_lookup_contract" name="test_provider_fallback_calls_second_when_first_empty" time="0.000" /><testcase classname="tests.test_metadata_lookup_contract" name="test_providers_are_mockable_no_network_required" time="0.000" /><testcase classname="tests.test_metadata_pipeline_yaml" name="test_metadata_pipeline_structure" time="0.001" /><testcase classname="tests.test_metadata_providers" name="test_metadata_from_filename_guess" time="0.000" /><testcase classname="tests.test_metadata_providers" name="test_metadata_from_manifest_reads_metadata" time="0.001" /><testcase classname="tests.test_metadata_providers" name="test_merge_metadata_overrides" time="0.000" /><testcase classname="tests.test_p5_ffmpeg_helpers" name="test_ffmpeg_helpers_are_callable_with_mocked_bins" time="0.001" /><testcase classname="tests.test_p5_pipeline_e2e" name="test_p5_pipeline_probe_transcode_meta" time="0.006" /><testcase classname="tests.test_p7_cli_docs" name="test_docs_build" time="0.014" /><testcase classname="tests.test_p7_contract_export" name="test_contract_yaml_deterministic" time="0.002" /><testcase classname="tests.test_p7_introspection_core" name="test_modules_present" time="0.003" /><testcase classname="tests.test_p7_introspection_core" name="test_core_steps_present" time="0.003" /><testcase classname="tests.test_p7_introspection_core" name="test_plugin_manifest" time="0.004" /><testcase classname="tests.test_p7_markdown_builder" name="test_markdown_builder_basic" time="0.000" /><testcase classname="tests.test_p9_log_parity" name="test_cli_does_not_override_env_when_flags_absent" time="0.015" /><testcase classname="tests.test_p9_log_parity" name="test_cli_json_flag_overrides_env" time="0.016" /><testcase classname="tests.test_p9_log_parity" name="test_cli_log_mode_flag_overrides_env_silent" time="0.014" /><testcase classname="tests.test_p9_log_parity" name="test_cli_invalid_log_mode_exits_nonzero" time="0.016" /><testcase classname="tests.test_p9_log_parity" name="test_cli_quiet_suppresses_events" time="0.014" /><testcase classname="tests.test_phase1_import_cmd_json" name="test_import_cmd_emits_report_json" time="0.004" /><testcase classname="tests.test_phase1_import_flow" name="test_import_single_file_publishes" time="0.003" /><testcase classname="tests.test_phase1_import_flow" name="test_import_missing_input_errors" time="0.003" /><testcase classname="tests.test_phase1_import_flow" name="test_import_drop_root_select_by_index" time="0.004" /><testcase classname="tests.test_phase1_import_flow" name="test_import_drop_root_requires_source_in_noninteractive" time="0.003" /><testcase classname="tests.test_phase1_import_flow" name="test_import_ignores_ds_store" time="0.004" /><testcase classname="tests.test_phase1_import_flow" name="test_clean_inbox_moves_source" time="0.004" /><testcase classname="tests.test_phase2_fs_collision_and_atomic" name="test_resolve_collision_adds_suffix" time="0.001" /><testcase classname="tests.test_phase2_fs_collision_and_atomic" name="test_atomic_copy2_writes_destination" time="0.001" /><testcase classname="tests.test_phase2_rename_idempotence" name="test_rename_skip_same" time="0.001" /><testcase classname="tests.test_phase2_rename_idempotence" name="test_rename_collision_renames" time="0.001" /><testcase classname="tests.test_phase3_executor_registry_tags" name="test_executor_registry_has_tags_steps" time="0.000" /><testcase classname="tests.test_phase3_metadata_normalize" name="test_normalize_trims_and_collapses_ws" time="0.001" /><testcase classname="tests.test_phase3_metadata_normalize" name="test_normalize_year_extracts" time="0.000" /><testcase classname="tests.test_phase3_step_tags_plan" name="test_step_tags_plan_from_metadata" time="0.000" /><testcase classname="tests.test_phase3_tags_derive" name="test_derive_tag_plan_from_metadata" time="0.000" /><testcase classname="tests.test_phase3_tags_derive" name="test_derive_tag_plan_defaults" time="0.000" /><testcase classname="tests.test_phase3_tags_derive" name="test_derive_tag_plan_cover_from_path" time="0.001" /><testcase classname="tests.test_phase3_tags_derive" name="test_derive_tag_plan_track_start_validation" time="0.000" /><testcase classname="tests.test_phase4_verify_checks_complete" name="test_fs_exists_error" time="0.001" /><testcase classname="tests.test_phase4_verify_checks_complete" name="test_hidden_file_warning" time="0.001" /><testcase classname="tests.test_phase4_verify_checks_complete" name="test_temp_file_error" time="0.001" /><testcase classname="tests.test_phase4_verify_checks_complete" name="test_audio_extension_warning" time="0.001" /><testcase classname="tests.test_phase4_verify_checks_complete" name="test_duplicate_names_warning" time="0.001" /><testcase classname="tests.test_phase4_verify_checks_complete" name="test_manifest_valid_error" time="0.001" /><testcase classname="tests.test_phase5_config_command_json" name="test_config_command_json" time="0.186" /><testcase classname="tests.test_phase5_config_command_json" name="test_config_command_sources_json" time="0.184" /><testcase classname="tests.test_phase5_resolve_precedence" name="test_precedence_cli_over_env" time="0.003" /><testcase classname="tests.test_phase5_resolve_precedence" name="test_paths_root_derives_children" time="0.003" /><testcase classname="tests.test_phase6_executor_registry_state_manifest" name="test_executor_registry_has_state_manifest_steps" time="0.000" /><testcase classname="tests.test_phase6_manifest_ensure_and_update" name="test_ensure_manifest_creates_schema_version" time="0.001" /><testcase classname="tests.test_phase6_manifest_ensure_and_update" name="test_ensure_manifest_writes_source_fingerprint" time="0.001" /><testcase classname="tests.test_phase6_manifest_ensure_and_update" name="test_update_manifest_deep_merges" time="0.002" /><testcase classname="tests.test_phase6_state_mark" name="test_mark_state_sets_lifecycle" time="0.001" /><testcase classname="tests.test_pipeline_dag" name="test_toposort_diamond_is_deterministic" time="0.000" /><testcase classname="tests.test_pipeline_dag" name="test_cycle_raises" time="0.000" /><testcase classname="tests.test_pipeline_registry_new_steps" name="test_pipeline_registry_has_manifest_and_tags_steps" time="0.000" /><testcase classname="tests.test_pipeline_spec_planner_executor" name="test_load_pipeline_valid_and_plan_order" time="0.002" /><testcase classname="tests.test_pipeline_spec_planner_executor" name="test_load_pipeline_rejects_unknown_dependency" time="0.001" /><testcase classname="tests.test_pipeline_spec_planner_executor" name="test_execute_touch_creates_artifact" time="0.002" /><testcase classname="tests.test_pipeline_step_filter" name="test_fs_filter_inputs_keeps_non_ignored" time="0.000" /><testcase classname="tests.test_pipeline_step_filter" name="test_fs_filter_inputs_custom_patterns" time="0.000" /><testcase classname="tests.test_pipeline_step_filter" name="test_fs_filter_inputs_invalid_args" time="0.000" /><testcase classname="tests.test_pipeline_steps_fs_paths_publish_rename" name="test_step_fs_derive_output_path" time="0.000" /><testcase classname="tests.test_pipeline_steps_fs_paths_publish_rename" name="test_step_fs_publish_requires_args" time="0.000" /><testcase classname="tests.test_pipeline_steps_fs_paths_publish_rename" name="test_step_fs_rename_requires_args" time="0.000" /><testcase classname="tests.test_plugins_pipeline" name="test_plugin_step_executes" time="0.003" /><testcase classname="tests.test_report_types" name="test_ok_report_serializes" time="0.000" /><testcase classname="tests.test_report_types" name="test_error_report_serializes" time="0.000" /><testcase classname="tests.test_reporting_adoption_import_run" name="test_import_json_shape" time="0.003" /><testcase classname="tests.test_reporting_adoption_verify_preflight" name="test_verify_json_report_shape" time="0.002" /><testcase classname="tests.test_reporting_adoption_verify_preflight" name="test_preflight_json_report_shape" time="0.004" /><testcase classname="tests.test_scripts_cli_help" name="test_scripts_help_smoke[scripts/am_patch.py-extra_env0]" time="0.095" /><testcase classname="tests.test_scripts_cli_help" name="test_scripts_help_smoke[scripts/gov_versions.py-extra_env1]" time="0.061" /><testcase classname="tests.test_scripts_cli_help" name="test_scripts_help_smoke[scripts/sync_issues_archive.py-extra_env2]" time="0.056" /><testcase classname="tests.test_scripts_import_sanity" name="test_scripts_modules_import_cleanly[am_patch.archive]" time="0.002" /><testcase classname="tests.test_scripts_import_sanity" name="test_scripts_modules_import_cleanly[am_patch.audit_rubric_check]" time="0.002" /><testcase classname="tests.test_scripts_import_sanity" name="test_scripts_modules_import_cleanly[am_patch.cli]" time="0.003" /><testcase classname="tests.test_scripts_import_sanity" name="test_scripts_modules_import_cleanly[am_patch.config]" time="0.004" /><testcase classname="tests.test_scripts_import_sanity" name="test_scripts_modules_import_cleanly[am_patch.errors]" time="0.001" /><testcase classname="tests.test_scripts_import_sanity" name="test_scripts_modules_import_cleanly[am_patch.gates]" time="0.001" /><testcase classname="tests.test_scripts_import_sanity" name="test_scripts_modules_import_cleanly[am_patch.git_ops]" time="0.001" /><testcase classname="tests.test_scripts_import_sanity" name="test_scripts_modules_import_cleanly[am_patch.lock]" time="0.001" /><testcase classname="tests.test_scripts_import_sanity" name="test_scripts_modules_import_cleanly[am_patch.log]" time="0.000" /><testcase classname="tests.test_scripts_import_sanity" name="test_scripts_modules_import_cleanly[am_patch.manifest]" time="0.001" /><testcase classname="tests.test_scripts_import_sanity" name="test_scripts_modules_import_cleanly[am_patch.patch_exec]" time="0.001" /><testcase classname="tests.test_scripts_import_sanity" name="test_scripts_modules_import_cleanly[am_patch.paths]" time="0.002" /><testcase classname="tests.test_scripts_import_sanity" name="test_scripts_modules_import_cleanly[am_patch.promote]" time="0.001" /><testcase classname="tests.test_scripts_import_sanity" name="test_scripts_modules_import_cleanly[am_patch.scope]" time="0.001" /><testcase classname="tests.test_scripts_import_sanity" name="test_scripts_modules_import_cleanly[am_patch.state]" time="0.001" /><testcase classname="tests.test_scripts_import_sanity" name="test_scripts_modules_import_cleanly[am_patch.version]" time="0.000" /><testcase classname="tests.test_scripts_import_sanity" name="test_scripts_modules_import_cleanly[am_patch.workspace]" time="0.002" /><testcase classname="tests.test_scripts_import_sanity" name="test_scripts_modules_import_cleanly[gov_versions]" time="0.002" /><testcase classname="tests.test_scripts_import_sanity" name="test_scripts_modules_import_cleanly[sync_issues_archive]" time="0.002" /><testcase classname="tests.test_scripts_parse_sanity" name="test_scripts_are_parseable[path0]" time="0.001" /><testcase classname="tests.test_scripts_parse_sanity" name="test_scripts_are_parseable[path1]" time="0.001" /><testcase classname="tests.test_scripts_parse_sanity" name="test_scripts_are_parseable[path2]" time="0.002" /><testcase classname="tests.test_scripts_parse_sanity" name="test_scripts_are_parseable[path3]" time="0.033" /><testcase classname="tests.test_scripts_parse_sanity" name="test_scripts_are_parseable[path4]" time="0.005" /><testcase classname="tests.test_scripts_parse_sanity" name="test_scripts_are_parseable[path5]" time="0.001" /><testcase classname="tests.test_scripts_parse_sanity" name="test_scripts_are_parseable[path6]" time="0.003" /><testcase classname="tests.test_scripts_parse_sanity" name="test_scripts_are_parseable[path7]" time="0.002" /><testcase classname="tests.test_scripts_parse_sanity" name="test_scripts_are_parseable[path8]" time="0.001" /><testcase classname="tests.test_scripts_parse_sanity" name="test_scripts_are_parseable[path9]" time="0.001" /><testcase classname="tests.test_scripts_parse_sanity" name="test_scripts_are_parseable[path10]" time="0.001" /><testcase classname="tests.test_scripts_parse_sanity" name="test_scripts_are_parseable[path11]" time="0.002" /><testcase classname="tests.test_scripts_parse_sanity" name="test_scripts_are_parseable[path12]" time="0.001" /><testcase classname="tests.test_scripts_parse_sanity" name="test_scripts_are_parseable[path13]" time="0.001" /><testcase classname="tests.test_scripts_parse_sanity" name="test_scripts_are_parseable[path14]" time="0.002" /><testcase classname="tests.test_scripts_parse_sanity" name="test_scripts_are_parseable[path15]" time="0.001" /><testcase classname="tests.test_scripts_parse_sanity" name="test_scripts_are_parseable[path16]" time="0.001" /><testcase classname="tests.test_scripts_parse_sanity" name="test_scripts_are_parseable[path17]" time="0.003" /><testcase classname="tests.test_scripts_parse_sanity" name="test_scripts_are_parseable[path18]" time="0.009" /><testcase classname="tests.test_scripts_parse_sanity" name="test_scripts_are_parseable[path19]" time="0.003" /><testcase classname="tests.test_scripts_parse_sanity" name="test_scripts_are_parseable[path20]" time="0.005" /><testcase classname="tests.test_smoke" name="test_module_help_runs" time="0.325" /><testcase classname="tests.test_source_discovery" name="test_list_sources_sorts_and_counts" time="0.001" /><testcase classname="tests.test_source_discovery" name="test_pick_source_by_index_and_name" time="0.001" /><testcase classname="tests.test_state_module" name="test_update_state_deep_merge" time="0.001" /><testcase classname="tests.test_step_fs_validate_input" name="test_step_validate_raises_on_missing" time="0.001" /><testcase classname="tests.test_step_fs_validate_input" name="test_step_validate_ok_file" time="0.001" /><testcase classname="tests.test_step_fs_validate_input" name="test_step_validate_dir_allowed" time="0.001" /><testcase classname="tests.test_step_meta_build" name="test_step_meta_build_filename_only" time="0.000" /><testcase classname="tests.test_step_meta_build" name="test_step_meta_build_manifest_only" time="0.001" /><testcase classname="tests.test_steps_covers" name="test_step_covers_store_writes_file" time="0.001" /><testcase classname="tests.test_steps_covers" name="test_step_covers_cache_put_get_roundtrip" time="0.005" /><testcase classname="tests.test_steps_sources" name="test_step_fs_list_sources" time="0.001" /><testcase classname="tests.test_steps_sources" name="test_step_fs_pick_source_by_index" time="0.000" /><testcase classname="tests.test_steps_sources" name="test_step_fs_pick_source_invalid_args" time="0.000" /><testcase classname="tests.test_steps_state" name="test_state_write_requires_patch_mapping" time="0.000" /><testcase classname="tests.test_steps_state" name="test_state_write_returns_state_path" time="0.001" /><testcase classname="tests.test_tags_write_id3_step" name="test_tags_write_id3_requires_mutagen" time="0.001" /><testcase classname="tests.test_verify_checks_unit" name="test_check_fs_exists_present_and_reports_missing" time="0.001" /><testcase classname="tests.test_verify_checks_unit" name="test_check_fs_no_hidden_flags_dotfiles" time="0.001" /><testcase classname="tests.test_verify_checks_unit" name="test_check_fs_no_temp_files_flags_tmp" time="0.001" /><testcase classname="tests.test_verify_checks_unit" name="test_check_fs_duplicate_names_detects_case_insensitive" time="0.001" /><testcase classname="tests.test_verify_checks_unit" name="test_check_fs_audio_extensions_flags_unknown" time="0.001" /><testcase classname="tests.test_yaml_logging" name="test_yaml_log_writes_valid_yaml_documents" time="0.004" /></testsuite></testsuites>